Performing C SOURCE FILE Test CMAKE_HAVE_LIBC_PTHREAD failed with the following output:
Change Dir: /home/xzhuka01/proj1/ivs_project_1/build/CMakeFiles/CMakeTmp

Run Build Command(s):/usr/bin/make cmTC_00e1d/fast && /usr/bin/make -f CMakeFiles/cmTC_00e1d.dir/build.make CMakeFiles/cmTC_00e1d.dir/build
make[1]: Vstupuje se do adresáře „/home/xzhuka01/proj1/ivs_project_1/build/CMakeFiles/CMakeTmp“
Building C object CMakeFiles/cmTC_00e1d.dir/src.c.o
/usr/bin/cc   -g -O0 -fprofile-arcs -ftest-coverage -DCMAKE_HAVE_LIBC_PTHREAD   -o CMakeFiles/cmTC_00e1d.dir/src.c.o   -c /home/xzhuka01/proj1/ivs_project_1/build/CMakeFiles/CMakeTmp/src.c
Linking C executable cmTC_00e1d
/usr/bin/cmake -E cmake_link_script CMakeFiles/cmTC_00e1d.dir/link.txt --verbose=1
/usr/bin/cc  -g -O0 -fprofile-arcs -ftest-coverage -DCMAKE_HAVE_LIBC_PTHREAD    CMakeFiles/cmTC_00e1d.dir/src.c.o  -o cmTC_00e1d 
/usr/bin/ld: CMakeFiles/cmTC_00e1d.dir/src.c.o: in function `main':
/home/xzhuka01/proj1/ivs_project_1/build/CMakeFiles/CMakeTmp/src.c:11: undefined reference to `pthread_create'
/usr/bin/ld: /home/xzhuka01/proj1/ivs_project_1/build/CMakeFiles/CMakeTmp/src.c:12: undefined reference to `pthread_detach'
/usr/bin/ld: /home/xzhuka01/proj1/ivs_project_1/build/CMakeFiles/CMakeTmp/src.c:13: undefined reference to `pthread_join'
collect2: error: ld returned 1 exit status
make[1]: *** [CMakeFiles/cmTC_00e1d.dir/build.make:87: cmTC_00e1d] Chyba 1
make[1]: Opouští se adresář „/home/xzhuka01/proj1/ivs_project_1/build/CMakeFiles/CMakeTmp“
make: *** [Makefile:121: cmTC_00e1d/fast] Chyba 2


Source file was:
#include <pthread.h>

void* test_func(void* data)
{
  return data;
}

int main(void)
{
  pthread_t thread;
  pthread_create(&thread, NULL, test_func, NULL);
  pthread_detach(thread);
  pthread_join(thread, NULL);
  pthread_atfork(NULL, NULL, NULL);
  pthread_exit(NULL);

  return 0;
}

Determining if the function pthread_create exists in the pthreads failed with the following output:
Change Dir: /home/xzhuka01/proj1/ivs_project_1/build/CMakeFiles/CMakeTmp

Run Build Command(s):/usr/bin/make cmTC_02cf7/fast && /usr/bin/make -f CMakeFiles/cmTC_02cf7.dir/build.make CMakeFiles/cmTC_02cf7.dir/build
make[1]: Vstupuje se do adresáře „/home/xzhuka01/proj1/ivs_project_1/build/CMakeFiles/CMakeTmp“
Building C object CMakeFiles/cmTC_02cf7.dir/CheckFunctionExists.c.o
/usr/bin/cc   -g -O0 -fprofile-arcs -ftest-coverage -DCHECK_FUNCTION_EXISTS=pthread_create   -o CMakeFiles/cmTC_02cf7.dir/CheckFunctionExists.c.o   -c /usr/share/cmake-3.16/Modules/CheckFunctionExists.c
Linking C executable cmTC_02cf7
/usr/bin/cmake -E cmake_link_script CMakeFiles/cmTC_02cf7.dir/link.txt --verbose=1
/usr/bin/cc  -g -O0 -fprofile-arcs -ftest-coverage -DCHECK_FUNCTION_EXISTS=pthread_create    CMakeFiles/cmTC_02cf7.dir/CheckFunctionExists.c.o  -o cmTC_02cf7  -lpthreads 
/usr/bin/ld: cannot find -lpthreads
collect2: error: ld returned 1 exit status
make[1]: *** [CMakeFiles/cmTC_02cf7.dir/build.make:87: cmTC_02cf7] Chyba 1
make[1]: Opouští se adresář „/home/xzhuka01/proj1/ivs_project_1/build/CMakeFiles/CMakeTmp“
make: *** [Makefile:121: cmTC_02cf7/fast] Chyba 2



